\BOOKMARK [1][-]{section.1}{\376\377\000U\000s\000e\000r\000\040\000L\000o\000g\000i\000n\000\040\000a\000n\000d\000\040\000A\000c\000c\000e\000s\000s}{}% 1
\BOOKMARK [2][-]{subsection.1.1}{\376\377\000A\000c\000c\000e\000s\000s\000\040\000L\000i\000n\000k}{section.1}% 2
\BOOKMARK [2][-]{subsection.1.2}{\376\377\000A\000c\000c\000e\000s\000s\000\040\000I\000n\000f\000o\000r\000m\000a\000t\000i\000o\000n}{section.1}% 3
\BOOKMARK [2][-]{subsection.1.3}{\376\377\000U\000s\000e\000r\000\040\000R\000e\000g\000i\000s\000t\000r\000a\000t\000i\000o\000n}{section.1}% 4
\BOOKMARK [2][-]{subsection.1.4}{\376\377\000L\000o\000g\000i\000n\000\040\000I\000n\000s\000t\000r\000u\000c\000t\000i\000o\000n\000s}{section.1}% 5
\BOOKMARK [2][-]{subsection.1.5}{\376\377\000D\000i\000s\000c\000l\000a\000i\000m\000e\000r}{section.1}% 6
\BOOKMARK [2][-]{subsection.1.6}{\376\377\000S\000e\000c\000u\000r\000i\000t\000y\000\040\000G\000u\000i\000d\000e\000l\000i\000n\000e\000s}{section.1}% 7
\BOOKMARK [1][-]{section.2}{\376\377\000D\000a\000s\000h\000b\000o\000a\000r\000d\000\040\000O\000v\000e\000r\000v\000i\000e\000w}{}% 8
\BOOKMARK [1][-]{section.3}{\376\377\000W\000e\000b\000s\000i\000t\000e\000\040\000O\000p\000e\000r\000a\000t\000e\000\040\000a\000n\000d\000\040\000M\000a\000n\000a\000g\000e\000\040\000C\000l\000a\000s\000s\000i\000c\000\040\000V\000i\000e\000w}{}% 9
\BOOKMARK [2][-]{subsection.3.1}{\376\377\000O\000v\000e\000r\000v\000i\000e\000w\000\040\000o\000f\000\040\000C\000l\000a\000s\000s\000i\000c\000\040\000V\000i\000e\000w}{section.3}% 10
\BOOKMARK [2][-]{subsection.3.2}{\376\377\000C\000l\000a\000s\000s\000i\000c\000\040\000V\000i\000e\000w\000\040\000D\000e\000s\000c\000r\000i\000p\000t\000i\000o\000n}{section.3}% 11
\BOOKMARK [2][-]{subsection.3.3}{\376\377\000W\000e\000b\000s\000i\000t\000e\000\040\000O\000p\000e\000r\000a\000t\000e\000\040\000a\000n\000d\000\040\000M\000a\000n\000a\000g\000e\000\040\000M\000o\000d\000e\000r\000n\000\040\000V\000i\000e\000w}{section.3}% 12
\BOOKMARK [2][-]{subsection.3.4}{\376\377\000O\000v\000e\000r\000v\000i\000e\000w\000\040\000o\000f\000\040\000M\000o\000d\000e\000r\000n\000\040\000V\000i\000e\000w}{section.3}% 13
\BOOKMARK [2][-]{subsection.3.5}{\376\377\000M\000o\000d\000e\000r\000n\000\040\000V\000i\000e\000w\000\040\000D\000e\000s\000c\000r\000i\000p\000t\000i\000o\000n}{section.3}% 14
\BOOKMARK [1][-]{section.4}{\376\377\000T\000r\000a\000f\000f\000i\000c\000\040\000V\000o\000l\000u\000m\000e}{}% 15
\BOOKMARK [2][-]{subsection.4.1}{\376\377\000T\000r\000a\000f\000f\000i\000c\000\040\000V\000o\000l\000u\000m\000e\000-\000\040\000V\000o\000i\000c\000e}{section.4}% 16
\BOOKMARK [3][-]{subsubsection.4.1.1}{\376\377\000T\000r\000a\000f\000f\000i\000c\000\040\000V\000o\000l\000u\000m\000e\000-\000\040\000V\000o\000i\000c\000e\000\040\000S\000e\000a\000r\000c\000h\000\040\000F\000i\000l\000t\000e\000r\000s}{subsection.4.1}% 17
\BOOKMARK [3][-]{subsubsection.4.1.2}{\376\377\000T\000r\000a\000f\000f\000i\000c\000\040\000V\000o\000l\000u\000m\000e\000\040\000-\000\040\000V\000o\000i\000c\000e\000\040\000S\000e\000a\000r\000c\000h\000\040\000R\000e\000s\000u\000l\000t\000s}{subsection.4.1}% 18
\BOOKMARK [3][-]{subsubsection.4.1.3}{\376\377\000V\000o\000i\000c\000e\000\040\000G\000r\000a\000p\000h\000i\000c\000\040\000V\000i\000e\000w}{subsection.4.1}% 19
\BOOKMARK [3][-]{subsubsection.4.1.4}{\376\377\000V\000o\000i\000c\000e\000\040\000S\000t\000a\000t\000i\000s\000t\000i\000c\000s\000\040\000V\000i\000e\000w}{subsection.4.1}% 20
\BOOKMARK [2][-]{subsection.4.2}{\376\377\000T\000r\000a\000f\000f\000i\000c\000\040\000V\000o\000l\000u\000m\000e\000-\000\040\000S\000M\000S}{section.4}% 21
\BOOKMARK [3][-]{subsubsection.4.2.1}{\376\377\000T\000r\000a\000f\000f\000i\000c\000\040\000V\000o\000l\000u\000m\000e\000-\000\040\000S\000M\000S\000\040\000S\000e\000a\000r\000c\000h\000\040\000F\000i\000l\000t\000e\000r\000s}{subsection.4.2}% 22
\BOOKMARK [3][-]{subsubsection.4.2.2}{\376\377\000T\000r\000a\000f\000f\000i\000c\000\040\000V\000o\000l\000u\000m\000e\000\040\000-\000\040\000S\000M\000S\000\040\000S\000e\000a\000r\000c\000h\000\040\000R\000e\000s\000u\000l\000t\000s}{subsection.4.2}% 23
\BOOKMARK [3][-]{subsubsection.4.2.3}{\376\377\000\040\000S\000M\000S\000\040\000G\000r\000a\000p\000h\000i\000c\000\040\000V\000i\000e\000w}{subsection.4.2}% 24
\BOOKMARK [3][-]{subsubsection.4.2.4}{\376\377\000\040\000S\000M\000S\000\040\000S\000t\000a\000t\000i\000s\000t\000i\000c\000s\000\040\000V\000i\000e\000w}{subsection.4.2}% 25
\BOOKMARK [2][-]{subsection.4.3}{\376\377\000T\000r\000a\000f\000f\000i\000c\000\040\000V\000o\000l\000u\000m\000e\000-\000\040\000D\000a\000t\000a}{section.4}% 26
\BOOKMARK [3][-]{subsubsection.4.3.1}{\376\377\000T\000r\000a\000f\000f\000i\000c\000\040\000V\000o\000l\000u\000m\000e\000-\000\040\000D\000a\000t\000a\000\040\000S\000e\000a\000r\000c\000h\000\040\000F\000i\000l\000t\000e\000r\000s}{subsection.4.3}% 27
\BOOKMARK [3][-]{subsubsection.4.3.2}{\376\377\000T\000r\000a\000f\000f\000i\000c\000\040\000V\000o\000l\000u\000m\000e\000\040\000-\000\040\000D\000a\000t\000a\000\040\000S\000e\000a\000r\000c\000h\000\040\000R\000e\000s\000u\000l\000t\000s}{subsection.4.3}% 28
\BOOKMARK [3][-]{subsubsection.4.3.3}{\376\377\000\040\000D\000a\000t\000a\000\040\000G\000r\000a\000p\000h\000i\000c\000\040\000V\000i\000e\000w}{subsection.4.3}% 29
\BOOKMARK [3][-]{subsubsection.4.3.4}{\376\377\000\040\000D\000a\000t\000a\000\040\000S\000t\000a\000t\000i\000s\000t\000i\000c\000s\000\040\000V\000i\000e\000w}{subsection.4.3}% 30
